<?xml version="1.0" encoding="UTF-8"?>
<!-- Generated by org.testng.reporters.JUnitXMLReporter -->
<testsuite hostname="DESKTOP-KUCKB7O" ignored="0" name="Default test" tests="3" failures="0" timestamp="2022-10-11T18:36:19 CEST" time="8.111" errors="0">
  <testcase name="visitsTheAdminCitiesPageAndListCities" time="1.263" classname="tests.AdminCitiesTests"/>
  <testcase name="checksInputTypesForCreateOrEditNewCity" time="0.444" classname="tests.AdminCitiesTests"/>
  <testcase name="createNewCity" time="1.648" classname="tests.AdminCitiesTests"/>
</testsuite> <!-- Default test -->
