<?xml version="1.0" encoding="UTF-8"?>
<!-- Generated by org.testng.reporters.JUnitXMLReporter -->
<testsuite hostname="DESKTOP-KUCKB7O" ignored="0" name="Default test" tests="3" failures="0" timestamp="2022-10-11T19:52:06 CEST" time="6.382" errors="0">
  <testcase name="setLocaleToES" time="0.219" classname="tests.LocalTests"/>
  <testcase name="setLocaleToEN" time="0.165" classname="tests.LocalTests"/>
  <testcase name="setLocaleToCN" time="0.201" classname="tests.LocalTests"/>
</testsuite> <!-- Default test -->
