<?xml version="1.0" encoding="UTF-8"?>
<testng-results skipped="0" failed="0" ignored="0" total="1" passed="1">
  <reporter-output>
  </reporter-output>
  <suite name="Default suite" duration-ms="5162" started-at="2022-10-11T19:22:06 CEST" finished-at="2022-10-11T19:22:12 CEST">
    <groups>
    </groups>
    <test name="Default test" duration-ms="5162" started-at="2022-10-11T19:22:06 CEST" finished-at="2022-10-11T19:22:12 CEST">
      <class name="tests.AuthRoutesTests">
        <test-method status="PASS" signature="beforeClass()[pri:0, instance:tests.AuthRoutesTests@43bd930a]" name="beforeClass" is-config="true" duration-ms="2491" started-at="2022-10-11T19:22:06 CEST" finished-at="2022-10-11T19:22:09 CEST">
          <reporter-output>
          </reporter-output>
        </test-method> <!-- beforeClass -->
        <test-method status="PASS" signature="beforeMethod()[pri:0, instance:tests.AuthRoutesTests@43bd930a]" name="beforeMethod" is-config="true" duration-ms="1479" started-at="2022-10-11T19:22:09 CEST" finished-at="2022-10-11T19:22:10 CEST">
          <reporter-output>
          </reporter-output>
        </test-method> <!-- beforeMethod -->
        <test-method status="PASS" signature="forbidsVisitsToHomeUrlIfNotAuthenticated()[pri:1, instance:tests.AuthRoutesTests@43bd930a]" name="forbidsVisitsToHomeUrlIfNotAuthenticated" duration-ms="448" started-at="2022-10-11T19:22:10 CEST" finished-at="2022-10-11T19:22:11 CEST">
          <reporter-output>
          </reporter-output>
        </test-method> <!-- forbidsVisitsToHomeUrlIfNotAuthenticated -->
        <test-method status="PASS" signature="afterMethod()[pri:0, instance:tests.AuthRoutesTests@43bd930a]" name="afterMethod" is-config="true" duration-ms="1" started-at="2022-10-11T19:22:11 CEST" finished-at="2022-10-11T19:22:11 CEST">
          <reporter-output>
          </reporter-output>
        </test-method> <!-- afterMethod -->
        <test-method status="PASS" signature="afterClass()[pri:0, instance:tests.AuthRoutesTests@43bd930a]" name="afterClass" is-config="true" duration-ms="711" started-at="2022-10-11T19:22:11 CEST" finished-at="2022-10-11T19:22:12 CEST">
          <reporter-output>
          </reporter-output>
        </test-method> <!-- afterClass -->
      </class> <!-- tests.AuthRoutesTests -->
    </test> <!-- Default test -->
  </suite> <!-- Default suite -->
</testng-results>
