<?xml version="1.0" encoding="UTF-8"?>
<testng-results skipped="0" failed="0" ignored="0" total="2" passed="2">
  <reporter-output>
  </reporter-output>
  <suite name="Default suite" duration-ms="5055" started-at="2022-10-11T19:48:49 CEST" finished-at="2022-10-11T19:48:54 CEST">
    <groups>
    </groups>
    <test name="Default test" duration-ms="5055" started-at="2022-10-11T19:48:49 CEST" finished-at="2022-10-11T19:48:54 CEST">
      <class name="tests.LocalTests">
        <test-method status="PASS" signature="beforeClass()[pri:0, instance:tests.LocalTests@43bd930a]" name="beforeClass" is-config="true" duration-ms="2450" started-at="2022-10-11T19:48:49 CEST" finished-at="2022-10-11T19:48:52 CEST">
          <reporter-output>
          </reporter-output>
        </test-method> <!-- beforeClass -->
        <test-method status="PASS" signature="beforeMethod()[pri:0, instance:tests.LocalTests@43bd930a]" name="beforeMethod" is-config="true" duration-ms="944" started-at="2022-10-11T19:48:52 CEST" finished-at="2022-10-11T19:48:53 CEST">
          <reporter-output>
          </reporter-output>
        </test-method> <!-- beforeMethod -->
        <test-method status="PASS" signature="setLocaleToES()[pri:1, instance:tests.LocalTests@43bd930a]" name="setLocaleToES" duration-ms="296" started-at="2022-10-11T19:48:53 CEST" finished-at="2022-10-11T19:48:53 CEST">
          <reporter-output>
          </reporter-output>
        </test-method> <!-- setLocaleToES -->
        <test-method status="PASS" signature="afterMethod()[pri:0, instance:tests.LocalTests@43bd930a]" name="afterMethod" is-config="true" duration-ms="0" started-at="2022-10-11T19:48:53 CEST" finished-at="2022-10-11T19:48:53 CEST">
          <reporter-output>
          </reporter-output>
        </test-method> <!-- afterMethod -->
        <test-method status="PASS" signature="beforeMethod()[pri:0, instance:tests.LocalTests@43bd930a]" name="beforeMethod" is-config="true" duration-ms="443" started-at="2022-10-11T19:48:53 CEST" finished-at="2022-10-11T19:48:53 CEST">
          <reporter-output>
          </reporter-output>
        </test-method> <!-- beforeMethod -->
        <test-method status="PASS" signature="setLocaleToEN()[pri:2, instance:tests.LocalTests@43bd930a]" name="setLocaleToEN" duration-ms="173" started-at="2022-10-11T19:48:53 CEST" finished-at="2022-10-11T19:48:54 CEST">
          <reporter-output>
          </reporter-output>
        </test-method> <!-- setLocaleToEN -->
        <test-method status="PASS" signature="afterMethod()[pri:0, instance:tests.LocalTests@43bd930a]" name="afterMethod" is-config="true" duration-ms="1" started-at="2022-10-11T19:48:54 CEST" finished-at="2022-10-11T19:48:54 CEST">
          <reporter-output>
          </reporter-output>
        </test-method> <!-- afterMethod -->
        <test-method status="PASS" signature="afterClass()[pri:0, instance:tests.LocalTests@43bd930a]" name="afterClass" is-config="true" duration-ms="715" started-at="2022-10-11T19:48:54 CEST" finished-at="2022-10-11T19:48:54 CEST">
          <reporter-output>
          </reporter-output>
        </test-method> <!-- afterClass -->
      </class> <!-- tests.LocalTests -->
    </test> <!-- Default test -->
  </suite> <!-- Default suite -->
</testng-results>
