<?xml version="1.0" encoding="UTF-8"?>
<testng-results skipped="0" failed="0" ignored="0" total="1" passed="1">
  <reporter-output>
  </reporter-output>
  <suite name="Default suite" duration-ms="5315" started-at="2022-10-11T18:04:59 CEST" finished-at="2022-10-11T18:05:04 CEST">
    <groups>
    </groups>
    <test name="Default test" duration-ms="5315" started-at="2022-10-11T18:04:59 CEST" finished-at="2022-10-11T18:05:04 CEST">
      <class name="tests.AdminCitiesTests">
        <test-method status="PASS" signature="beforeClass()[pri:0, instance:tests.AdminCitiesTests@43bd930a]" name="beforeClass" is-config="true" duration-ms="2420" started-at="2022-10-11T18:04:59 CEST" finished-at="2022-10-11T18:05:01 CEST">
          <reporter-output>
          </reporter-output>
        </test-method> <!-- beforeClass -->
        <test-method status="PASS" signature="beforeMethod()[pri:0, instance:tests.AdminCitiesTests@43bd930a]" name="beforeMethod" is-config="true" duration-ms="1006" started-at="2022-10-11T18:05:01 CEST" finished-at="2022-10-11T18:05:02 CEST">
          <reporter-output>
          </reporter-output>
        </test-method> <!-- beforeMethod -->
        <test-method status="PASS" signature="visitsTheAdminCitiesPageAndListCities()[pri:1, instance:tests.AdminCitiesTests@43bd930a]" name="visitsTheAdminCitiesPageAndListCities" duration-ms="1160" started-at="2022-10-11T18:05:02 CEST" finished-at="2022-10-11T18:05:03 CEST">
          <reporter-output>
          </reporter-output>
        </test-method> <!-- visitsTheAdminCitiesPageAndListCities -->
        <test-method status="PASS" signature="afterMethod()[pri:0, instance:tests.AdminCitiesTests@43bd930a]" name="afterMethod" is-config="true" duration-ms="0" started-at="2022-10-11T18:05:03 CEST" finished-at="2022-10-11T18:05:03 CEST">
          <reporter-output>
          </reporter-output>
        </test-method> <!-- afterMethod -->
        <test-method status="PASS" signature="afterClass()[pri:0, instance:tests.AdminCitiesTests@43bd930a]" name="afterClass" is-config="true" duration-ms="698" started-at="2022-10-11T18:05:03 CEST" finished-at="2022-10-11T18:05:04 CEST">
          <reporter-output>
          </reporter-output>
        </test-method> <!-- afterClass -->
      </class> <!-- tests.AdminCitiesTests -->
    </test> <!-- Default test -->
  </suite> <!-- Default suite -->
</testng-results>
