<?xml version="1.0" encoding="UTF-8"?>
<testng-results skipped="0" failed="0" ignored="0" total="1" passed="1">
  <reporter-output>
  </reporter-output>
  <suite name="Default suite" duration-ms="6486" started-at="2022-10-10T21:29:55 CEST" finished-at="2022-10-10T21:30:01 CEST">
    <groups>
    </groups>
    <test name="Default test" duration-ms="6486" started-at="2022-10-10T21:29:55 CEST" finished-at="2022-10-10T21:30:01 CEST">
      <class name="tests.SignupTests">
        <test-method status="PASS" signature="beforeClass()[pri:0, instance:tests.SignupTests@43bd930a]" name="beforeClass" is-config="true" duration-ms="2458" started-at="2022-10-10T21:29:55 CEST" finished-at="2022-10-10T21:29:57 CEST">
          <reporter-output>
          </reporter-output>
        </test-method> <!-- beforeClass -->
        <test-method status="PASS" signature="beforeMethod()[pri:0, instance:tests.SignupTests@43bd930a]" name="beforeMethod" is-config="true" duration-ms="2045" started-at="2022-10-10T21:29:57 CEST" finished-at="2022-10-10T21:29:59 CEST">
          <reporter-output>
          </reporter-output>
        </test-method> <!-- beforeMethod -->
        <test-method status="PASS" signature="displaysErrorsWhenUserAlreadyExists()[pri:3, instance:tests.SignupTests@43bd930a]" name="displaysErrorsWhenUserAlreadyExists" duration-ms="1252" started-at="2022-10-10T21:29:59 CEST" finished-at="2022-10-10T21:30:00 CEST">
          <reporter-output>
          </reporter-output>
        </test-method> <!-- displaysErrorsWhenUserAlreadyExists -->
        <test-method status="PASS" signature="afterClass()[pri:0, instance:tests.SignupTests@43bd930a]" name="afterClass" is-config="true" duration-ms="697" started-at="2022-10-10T21:30:00 CEST" finished-at="2022-10-10T21:30:01 CEST">
          <reporter-output>
          </reporter-output>
        </test-method> <!-- afterClass -->
        <test-method status="PASS" signature="afterMethod()[pri:0, instance:tests.SignupTests@43bd930a]" name="afterMethod" is-config="true" duration-ms="0" started-at="2022-10-10T21:30:00 CEST" finished-at="2022-10-10T21:30:00 CEST">
          <reporter-output>
          </reporter-output>
        </test-method> <!-- afterMethod -->
      </class> <!-- tests.SignupTests -->
    </test> <!-- Default test -->
  </suite> <!-- Default suite -->
</testng-results>
