<?xml version="1.0" encoding="UTF-8"?>
<testng-results skipped="0" failed="0" ignored="0" total="3" passed="3">
  <reporter-output>
  </reporter-output>
  <suite name="Default suite" duration-ms="6382" started-at="2022-10-11T19:52:00 CEST" finished-at="2022-10-11T19:52:06 CEST">
    <groups>
    </groups>
    <test name="Default test" duration-ms="6382" started-at="2022-10-11T19:52:00 CEST" finished-at="2022-10-11T19:52:06 CEST">
      <class name="tests.LocalTests">
        <test-method status="PASS" signature="beforeClass()[pri:0, instance:tests.LocalTests@43bd930a]" name="beforeClass" is-config="true" duration-ms="2694" started-at="2022-10-11T19:52:00 CEST" finished-at="2022-10-11T19:52:03 CEST">
          <reporter-output>
          </reporter-output>
        </test-method> <!-- beforeClass -->
        <test-method status="PASS" signature="beforeMethod()[pri:0, instance:tests.LocalTests@43bd930a]" name="beforeMethod" is-config="true" duration-ms="1455" started-at="2022-10-11T19:52:03 CEST" finished-at="2022-10-11T19:52:04 CEST">
          <reporter-output>
          </reporter-output>
        </test-method> <!-- beforeMethod -->
        <test-method status="PASS" signature="setLocaleToES()[pri:1, instance:tests.LocalTests@43bd930a]" name="setLocaleToES" duration-ms="219" started-at="2022-10-11T19:52:04 CEST" finished-at="2022-10-11T19:52:04 CEST">
          <reporter-output>
          </reporter-output>
        </test-method> <!-- setLocaleToES -->
        <test-method status="PASS" signature="afterMethod()[pri:0, instance:tests.LocalTests@43bd930a]" name="afterMethod" is-config="true" duration-ms="0" started-at="2022-10-11T19:52:04 CEST" finished-at="2022-10-11T19:52:04 CEST">
          <reporter-output>
          </reporter-output>
        </test-method> <!-- afterMethod -->
        <test-method status="PASS" signature="beforeMethod()[pri:0, instance:tests.LocalTests@43bd930a]" name="beforeMethod" is-config="true" duration-ms="485" started-at="2022-10-11T19:52:04 CEST" finished-at="2022-10-11T19:52:05 CEST">
          <reporter-output>
          </reporter-output>
        </test-method> <!-- beforeMethod -->
        <test-method status="PASS" signature="setLocaleToEN()[pri:2, instance:tests.LocalTests@43bd930a]" name="setLocaleToEN" duration-ms="165" started-at="2022-10-11T19:52:05 CEST" finished-at="2022-10-11T19:52:05 CEST">
          <reporter-output>
          </reporter-output>
        </test-method> <!-- setLocaleToEN -->
        <test-method status="PASS" signature="afterMethod()[pri:0, instance:tests.LocalTests@43bd930a]" name="afterMethod" is-config="true" duration-ms="0" started-at="2022-10-11T19:52:05 CEST" finished-at="2022-10-11T19:52:05 CEST">
          <reporter-output>
          </reporter-output>
        </test-method> <!-- afterMethod -->
        <test-method status="PASS" signature="beforeMethod()[pri:0, instance:tests.LocalTests@43bd930a]" name="beforeMethod" is-config="true" duration-ms="417" started-at="2022-10-11T19:52:05 CEST" finished-at="2022-10-11T19:52:05 CEST">
          <reporter-output>
          </reporter-output>
        </test-method> <!-- beforeMethod -->
        <test-method status="PASS" signature="setLocaleToCN()[pri:3, instance:tests.LocalTests@43bd930a]" name="setLocaleToCN" duration-ms="201" started-at="2022-10-11T19:52:05 CEST" finished-at="2022-10-11T19:52:06 CEST">
          <reporter-output>
          </reporter-output>
        </test-method> <!-- setLocaleToCN -->
        <test-method status="PASS" signature="afterMethod()[pri:0, instance:tests.LocalTests@43bd930a]" name="afterMethod" is-config="true" duration-ms="1" started-at="2022-10-11T19:52:06 CEST" finished-at="2022-10-11T19:52:06 CEST">
          <reporter-output>
          </reporter-output>
        </test-method> <!-- afterMethod -->
        <test-method status="PASS" signature="afterClass()[pri:0, instance:tests.LocalTests@43bd930a]" name="afterClass" is-config="true" duration-ms="704" started-at="2022-10-11T19:52:06 CEST" finished-at="2022-10-11T19:52:06 CEST">
          <reporter-output>
          </reporter-output>
        </test-method> <!-- afterClass -->
      </class> <!-- tests.LocalTests -->
    </test> <!-- Default test -->
  </suite> <!-- Default suite -->
</testng-results>
