<?xml version="1.0" encoding="UTF-8"?>
<testng-results skipped="0" failed="0" ignored="0" total="2" passed="2">
  <reporter-output>
  </reporter-output>
  <suite name="Default suite" duration-ms="12270" started-at="2022-10-11T18:58:59 CEST" finished-at="2022-10-11T18:59:11 CEST">
    <groups>
    </groups>
    <test name="Default test" duration-ms="12270" started-at="2022-10-11T18:58:59 CEST" finished-at="2022-10-11T18:59:11 CEST">
      <class name="tests.AdminCitiesTests">
        <test-method status="PASS" signature="beforeClass()[pri:0, instance:tests.AdminCitiesTests@43bd930a]" name="beforeClass" is-config="true" duration-ms="2456" started-at="2022-10-11T18:58:59 CEST" finished-at="2022-10-11T18:59:02 CEST">
          <reporter-output>
          </reporter-output>
        </test-method> <!-- beforeClass -->
        <test-method status="PASS" signature="beforeMethod()[pri:0, instance:tests.AdminCitiesTests@43bd930a]" name="beforeMethod" is-config="true" duration-ms="913" started-at="2022-10-11T18:59:02 CEST" finished-at="2022-10-11T18:59:02 CEST">
          <reporter-output>
          </reporter-output>
        </test-method> <!-- beforeMethod -->
        <test-method status="PASS" signature="visitsTheAdminCitiesPageAndListCities()[pri:1, instance:tests.AdminCitiesTests@43bd930a]" name="visitsTheAdminCitiesPageAndListCities" duration-ms="1127" started-at="2022-10-11T18:59:02 CEST" finished-at="2022-10-11T18:59:04 CEST">
          <reporter-output>
          </reporter-output>
        </test-method> <!-- visitsTheAdminCitiesPageAndListCities -->
        <test-method status="PASS" signature="afterMethod()[pri:0, instance:tests.AdminCitiesTests@43bd930a]" name="afterMethod" is-config="true" duration-ms="0" started-at="2022-10-11T18:59:04 CEST" finished-at="2022-10-11T18:59:04 CEST">
          <reporter-output>
          </reporter-output>
        </test-method> <!-- afterMethod -->
        <test-method status="PASS" signature="beforeMethod()[pri:0, instance:tests.AdminCitiesTests@43bd930a]" name="beforeMethod" is-config="true" duration-ms="288" started-at="2022-10-11T18:59:04 CEST" finished-at="2022-10-11T18:59:04 CEST">
          <reporter-output>
          </reporter-output>
        </test-method> <!-- beforeMethod -->
        <test-method status="PASS" signature="editCity()[pri:4, instance:tests.AdminCitiesTests@43bd930a]" name="editCity" duration-ms="6718" started-at="2022-10-11T18:59:04 CEST" finished-at="2022-10-11T18:59:11 CEST">
          <reporter-output>
          </reporter-output>
        </test-method> <!-- editCity -->
        <test-method status="PASS" signature="afterMethod()[pri:0, instance:tests.AdminCitiesTests@43bd930a]" name="afterMethod" is-config="true" duration-ms="0" started-at="2022-10-11T18:59:11 CEST" finished-at="2022-10-11T18:59:11 CEST">
          <reporter-output>
          </reporter-output>
        </test-method> <!-- afterMethod -->
        <test-method status="PASS" signature="afterClass()[pri:0, instance:tests.AdminCitiesTests@43bd930a]" name="afterClass" is-config="true" duration-ms="733" started-at="2022-10-11T18:59:11 CEST" finished-at="2022-10-11T18:59:11 CEST">
          <reporter-output>
          </reporter-output>
        </test-method> <!-- afterClass -->
      </class> <!-- tests.AdminCitiesTests -->
    </test> <!-- Default test -->
  </suite> <!-- Default suite -->
</testng-results>
