<?xml version="1.0" encoding="UTF-8"?>
<testng-results skipped="0" failed="0" ignored="0" total="1" passed="1">
  <reporter-output>
  </reporter-output>
  <suite name="Default suite" duration-ms="4856" started-at="2022-10-10T19:45:11 CEST" finished-at="2022-10-10T19:45:15 CEST">
    <groups>
    </groups>
    <test name="Default test" duration-ms="4856" started-at="2022-10-10T19:45:11 CEST" finished-at="2022-10-10T19:45:15 CEST">
      <class name="tests.LoginTests">
        <test-method status="PASS" signature="beforeClass()[pri:0, instance:tests.LoginTests@43bd930a]" name="beforeClass" is-config="true" duration-ms="2509" started-at="2022-10-10T19:45:11 CEST" finished-at="2022-10-10T19:45:13 CEST">
          <reporter-output>
          </reporter-output>
        </test-method> <!-- beforeClass -->
        <test-method status="PASS" signature="beforeMethod()[pri:0, instance:tests.LoginTests@43bd930a]" name="beforeMethod" is-config="true" duration-ms="1279" started-at="2022-10-10T19:45:13 CEST" finished-at="2022-10-10T19:45:14 CEST">
          <reporter-output>
          </reporter-output>
        </test-method> <!-- beforeMethod -->
        <test-method status="PASS" signature="visitsTheLoginPage()[pri:1, instance:tests.LoginTests@43bd930a]" name="visitsTheLoginPage" duration-ms="318" started-at="2022-10-10T19:45:14 CEST" finished-at="2022-10-10T19:45:15 CEST">
          <reporter-output>
          </reporter-output>
        </test-method> <!-- visitsTheLoginPage -->
        <test-method status="PASS" signature="afterMethod()[pri:0, instance:tests.LoginTests@43bd930a]" name="afterMethod" is-config="true" duration-ms="0" started-at="2022-10-10T19:45:15 CEST" finished-at="2022-10-10T19:45:15 CEST">
          <reporter-output>
          </reporter-output>
        </test-method> <!-- afterMethod -->
        <test-method status="PASS" signature="afterClass()[pri:0, instance:tests.LoginTests@43bd930a]" name="afterClass" is-config="true" duration-ms="717" started-at="2022-10-10T19:45:15 CEST" finished-at="2022-10-10T19:45:15 CEST">
          <reporter-output>
          </reporter-output>
        </test-method> <!-- afterClass -->
      </class> <!-- tests.LoginTests -->
    </test> <!-- Default test -->
  </suite> <!-- Default suite -->
</testng-results>
