<?xml version="1.0" encoding="UTF-8"?>
<testng-results skipped="0" failed="0" ignored="0" total="4" passed="4">
  <reporter-output>
  </reporter-output>
  <suite name="Default suite" duration-ms="6287" started-at="2022-10-11T19:53:38 CEST" finished-at="2022-10-11T19:53:45 CEST">
    <groups>
    </groups>
    <test name="Default test" duration-ms="6287" started-at="2022-10-11T19:53:38 CEST" finished-at="2022-10-11T19:53:45 CEST">
      <class name="tests.LocalTests">
        <test-method status="PASS" signature="beforeClass()[pri:0, instance:tests.LocalTests@43bd930a]" name="beforeClass" is-config="true" duration-ms="2538" started-at="2022-10-11T19:53:39 CEST" finished-at="2022-10-11T19:53:41 CEST">
          <reporter-output>
          </reporter-output>
        </test-method> <!-- beforeClass -->
        <test-method status="PASS" signature="beforeMethod()[pri:0, instance:tests.LocalTests@43bd930a]" name="beforeMethod" is-config="true" duration-ms="940" started-at="2022-10-11T19:53:41 CEST" finished-at="2022-10-11T19:53:42 CEST">
          <reporter-output>
          </reporter-output>
        </test-method> <!-- beforeMethod -->
        <test-method status="PASS" signature="setLocaleToES()[pri:1, instance:tests.LocalTests@43bd930a]" name="setLocaleToES" duration-ms="290" started-at="2022-10-11T19:53:42 CEST" finished-at="2022-10-11T19:53:42 CEST">
          <reporter-output>
          </reporter-output>
        </test-method> <!-- setLocaleToES -->
        <test-method status="PASS" signature="afterMethod()[pri:0, instance:tests.LocalTests@43bd930a]" name="afterMethod" is-config="true" duration-ms="0" started-at="2022-10-11T19:53:42 CEST" finished-at="2022-10-11T19:53:42 CEST">
          <reporter-output>
          </reporter-output>
        </test-method> <!-- afterMethod -->
        <test-method status="PASS" signature="beforeMethod()[pri:0, instance:tests.LocalTests@43bd930a]" name="beforeMethod" is-config="true" duration-ms="428" started-at="2022-10-11T19:53:42 CEST" finished-at="2022-10-11T19:53:43 CEST">
          <reporter-output>
          </reporter-output>
        </test-method> <!-- beforeMethod -->
        <test-method status="PASS" signature="setLocaleToEN()[pri:2, instance:tests.LocalTests@43bd930a]" name="setLocaleToEN" duration-ms="170" started-at="2022-10-11T19:53:43 CEST" finished-at="2022-10-11T19:53:43 CEST">
          <reporter-output>
          </reporter-output>
        </test-method> <!-- setLocaleToEN -->
        <test-method status="PASS" signature="afterMethod()[pri:0, instance:tests.LocalTests@43bd930a]" name="afterMethod" is-config="true" duration-ms="0" started-at="2022-10-11T19:53:43 CEST" finished-at="2022-10-11T19:53:43 CEST">
          <reporter-output>
          </reporter-output>
        </test-method> <!-- afterMethod -->
        <test-method status="PASS" signature="beforeMethod()[pri:0, instance:tests.LocalTests@43bd930a]" name="beforeMethod" is-config="true" duration-ms="407" started-at="2022-10-11T19:53:43 CEST" finished-at="2022-10-11T19:53:43 CEST">
          <reporter-output>
          </reporter-output>
        </test-method> <!-- beforeMethod -->
        <test-method status="PASS" signature="setLocaleToCN()[pri:3, instance:tests.LocalTests@43bd930a]" name="setLocaleToCN" duration-ms="206" started-at="2022-10-11T19:53:43 CEST" finished-at="2022-10-11T19:53:44 CEST">
          <reporter-output>
          </reporter-output>
        </test-method> <!-- setLocaleToCN -->
        <test-method status="PASS" signature="beforeMethod()[pri:0, instance:tests.LocalTests@43bd930a]" name="beforeMethod" is-config="true" duration-ms="390" started-at="2022-10-11T19:53:44 CEST" finished-at="2022-10-11T19:53:44 CEST">
          <reporter-output>
          </reporter-output>
        </test-method> <!-- beforeMethod -->
        <test-method status="PASS" signature="afterMethod()[pri:0, instance:tests.LocalTests@43bd930a]" name="afterMethod" is-config="true" duration-ms="0" started-at="2022-10-11T19:53:44 CEST" finished-at="2022-10-11T19:53:44 CEST">
          <reporter-output>
          </reporter-output>
        </test-method> <!-- afterMethod -->
        <test-method status="PASS" signature="setLocaleToFR()[pri:4, instance:tests.LocalTests@43bd930a]" name="setLocaleToFR" duration-ms="174" started-at="2022-10-11T19:53:44 CEST" finished-at="2022-10-11T19:53:44 CEST">
          <reporter-output>
          </reporter-output>
        </test-method> <!-- setLocaleToFR -->
        <test-method status="PASS" signature="afterClass()[pri:0, instance:tests.LocalTests@43bd930a]" name="afterClass" is-config="true" duration-ms="709" started-at="2022-10-11T19:53:44 CEST" finished-at="2022-10-11T19:53:45 CEST">
          <reporter-output>
          </reporter-output>
        </test-method> <!-- afterClass -->
        <test-method status="PASS" signature="afterMethod()[pri:0, instance:tests.LocalTests@43bd930a]" name="afterMethod" is-config="true" duration-ms="0" started-at="2022-10-11T19:53:44 CEST" finished-at="2022-10-11T19:53:44 CEST">
          <reporter-output>
          </reporter-output>
        </test-method> <!-- afterMethod -->
      </class> <!-- tests.LocalTests -->
    </test> <!-- Default test -->
  </suite> <!-- Default suite -->
</testng-results>
