<?xml version="1.0" encoding="UTF-8"?>
<testng-results skipped="0" failed="0" ignored="0" total="1" passed="1">
  <reporter-output>
  </reporter-output>
  <suite name="Default suite" duration-ms="5574" started-at="2022-10-10T20:06:48 CEST" finished-at="2022-10-10T20:06:54 CEST">
    <groups>
    </groups>
    <test name="Default test" duration-ms="5574" started-at="2022-10-10T20:06:48 CEST" finished-at="2022-10-10T20:06:54 CEST">
      <class name="tests.LoginTests">
        <test-method status="PASS" signature="beforeClass()[pri:0, instance:tests.LoginTests@43bd930a]" name="beforeClass" is-config="true" duration-ms="2483" started-at="2022-10-10T20:06:48 CEST" finished-at="2022-10-10T20:06:51 CEST">
          <reporter-output>
          </reporter-output>
        </test-method> <!-- beforeClass -->
        <test-method status="PASS" signature="beforeMethod()[pri:0, instance:tests.LoginTests@43bd930a]" name="beforeMethod" is-config="true" duration-ms="1237" started-at="2022-10-10T20:06:51 CEST" finished-at="2022-10-10T20:06:52 CEST">
          <reporter-output>
          </reporter-output>
        </test-method> <!-- beforeMethod -->
        <test-method status="PASS" signature="displaysErrorsWhenUserDoesNotExist()[pri:3, instance:tests.LoginTests@43bd930a]" name="displaysErrorsWhenUserDoesNotExist" duration-ms="1115" started-at="2022-10-10T20:06:52 CEST" finished-at="2022-10-10T20:06:53 CEST">
          <reporter-output>
          </reporter-output>
        </test-method> <!-- displaysErrorsWhenUserDoesNotExist -->
        <test-method status="PASS" signature="afterMethod()[pri:0, instance:tests.LoginTests@43bd930a]" name="afterMethod" is-config="true" duration-ms="0" started-at="2022-10-10T20:06:53 CEST" finished-at="2022-10-10T20:06:53 CEST">
          <reporter-output>
          </reporter-output>
        </test-method> <!-- afterMethod -->
        <test-method status="PASS" signature="afterClass()[pri:0, instance:tests.LoginTests@43bd930a]" name="afterClass" is-config="true" duration-ms="706" started-at="2022-10-10T20:06:53 CEST" finished-at="2022-10-10T20:06:54 CEST">
          <reporter-output>
          </reporter-output>
        </test-method> <!-- afterClass -->
      </class> <!-- tests.LoginTests -->
    </test> <!-- Default test -->
  </suite> <!-- Default suite -->
</testng-results>
