<?xml version="1.0" encoding="UTF-8"?>
<testng-results skipped="0" failed="0" ignored="0" total="1" passed="1">
  <reporter-output>
  </reporter-output>
  <suite name="Default suite" duration-ms="4524" started-at="2022-10-10T19:53:58 CEST" finished-at="2022-10-10T19:54:03 CEST">
    <groups>
    </groups>
    <test name="Default test" duration-ms="4524" started-at="2022-10-10T19:53:58 CEST" finished-at="2022-10-10T19:54:03 CEST">
      <class name="tests.LoginTests">
        <test-method status="PASS" signature="beforeClass()[pri:0, instance:tests.LoginTests@43bd930a]" name="beforeClass" is-config="true" duration-ms="2473" started-at="2022-10-10T19:53:58 CEST" finished-at="2022-10-10T19:54:01 CEST">
          <reporter-output>
          </reporter-output>
        </test-method> <!-- beforeClass -->
        <test-method status="PASS" signature="beforeMethod()[pri:0, instance:tests.LoginTests@43bd930a]" name="beforeMethod" is-config="true" duration-ms="969" started-at="2022-10-10T19:54:01 CEST" finished-at="2022-10-10T19:54:02 CEST">
          <reporter-output>
          </reporter-output>
        </test-method> <!-- beforeMethod -->
        <test-method status="PASS" signature="checksInputTypes()[pri:2, instance:tests.LoginTests@43bd930a]" name="checksInputTypes" duration-ms="357" started-at="2022-10-10T19:54:02 CEST" finished-at="2022-10-10T19:54:02 CEST">
          <reporter-output>
          </reporter-output>
        </test-method> <!-- checksInputTypes -->
        <test-method status="PASS" signature="afterMethod()[pri:0, instance:tests.LoginTests@43bd930a]" name="afterMethod" is-config="true" duration-ms="0" started-at="2022-10-10T19:54:02 CEST" finished-at="2022-10-10T19:54:02 CEST">
          <reporter-output>
          </reporter-output>
        </test-method> <!-- afterMethod -->
        <test-method status="PASS" signature="afterClass()[pri:0, instance:tests.LoginTests@43bd930a]" name="afterClass" is-config="true" duration-ms="691" started-at="2022-10-10T19:54:02 CEST" finished-at="2022-10-10T19:54:03 CEST">
          <reporter-output>
          </reporter-output>
        </test-method> <!-- afterClass -->
      </class> <!-- tests.LoginTests -->
    </test> <!-- Default test -->
  </suite> <!-- Default suite -->
</testng-results>
