<?xml version="1.0" encoding="UTF-8"?>
<testng-results skipped="0" failed="0" ignored="0" total="1" passed="1">
  <reporter-output>
  </reporter-output>
  <suite name="Default suite" duration-ms="5178" started-at="2022-10-10T20:23:31 CEST" finished-at="2022-10-10T20:23:36 CEST">
    <groups>
    </groups>
    <test name="Default test" duration-ms="5178" started-at="2022-10-10T20:23:31 CEST" finished-at="2022-10-10T20:23:36 CEST">
      <class name="tests.LoginTests">
        <test-method status="PASS" signature="beforeClass()[pri:0, instance:tests.LoginTests@43bd930a]" name="beforeClass" is-config="true" duration-ms="2473" started-at="2022-10-10T20:23:31 CEST" finished-at="2022-10-10T20:23:33 CEST">
          <reporter-output>
          </reporter-output>
        </test-method> <!-- beforeClass -->
        <test-method status="PASS" signature="beforeMethod()[pri:0, instance:tests.LoginTests@43bd930a]" name="beforeMethod" is-config="true" duration-ms="995" started-at="2022-10-10T20:23:33 CEST" finished-at="2022-10-10T20:23:34 CEST">
          <reporter-output>
          </reporter-output>
        </test-method> <!-- beforeMethod -->
        <test-method status="PASS" signature="login()[pri:5, instance:tests.LoginTests@43bd930a]" name="login" duration-ms="977" started-at="2022-10-10T20:23:34 CEST" finished-at="2022-10-10T20:23:35 CEST">
          <reporter-output>
          </reporter-output>
        </test-method> <!-- login -->
        <test-method status="PASS" signature="afterMethod()[pri:0, instance:tests.LoginTests@43bd930a]" name="afterMethod" is-config="true" duration-ms="0" started-at="2022-10-10T20:23:35 CEST" finished-at="2022-10-10T20:23:35 CEST">
          <reporter-output>
          </reporter-output>
        </test-method> <!-- afterMethod -->
        <test-method status="PASS" signature="afterClass()[pri:0, instance:tests.LoginTests@43bd930a]" name="afterClass" is-config="true" duration-ms="700" started-at="2022-10-10T20:23:35 CEST" finished-at="2022-10-10T20:23:36 CEST">
          <reporter-output>
          </reporter-output>
        </test-method> <!-- afterClass -->
      </class> <!-- tests.LoginTests -->
    </test> <!-- Default test -->
  </suite> <!-- Default suite -->
</testng-results>
