<?xml version="1.0" encoding="UTF-8"?>
<testng-results skipped="0" failed="0" ignored="0" total="4" passed="4">
  <reporter-output>
  </reporter-output>
  <suite name="Default suite" duration-ms="7033" started-at="2022-10-11T19:27:18 CEST" finished-at="2022-10-11T19:27:25 CEST">
    <groups>
    </groups>
    <test name="Default test" duration-ms="7033" started-at="2022-10-11T19:27:18 CEST" finished-at="2022-10-11T19:27:25 CEST">
      <class name="tests.AuthRoutesTests">
        <test-method status="PASS" signature="beforeClass()[pri:0, instance:tests.AuthRoutesTests@43bd930a]" name="beforeClass" is-config="true" duration-ms="2454" started-at="2022-10-11T19:27:18 CEST" finished-at="2022-10-11T19:27:21 CEST">
          <reporter-output>
          </reporter-output>
        </test-method> <!-- beforeClass -->
        <test-method status="PASS" signature="beforeMethod()[pri:0, instance:tests.AuthRoutesTests@43bd930a]" name="beforeMethod" is-config="true" duration-ms="1554" started-at="2022-10-11T19:27:21 CEST" finished-at="2022-10-11T19:27:22 CEST">
          <reporter-output>
          </reporter-output>
        </test-method> <!-- beforeMethod -->
        <test-method status="PASS" signature="forbidsVisitsToHomeUrlIfNotAuthenticated()[pri:1, instance:tests.AuthRoutesTests@43bd930a]" name="forbidsVisitsToHomeUrlIfNotAuthenticated" duration-ms="434" started-at="2022-10-11T19:27:22 CEST" finished-at="2022-10-11T19:27:23 CEST">
          <reporter-output>
          </reporter-output>
        </test-method> <!-- forbidsVisitsToHomeUrlIfNotAuthenticated -->
        <test-method status="PASS" signature="afterMethod()[pri:0, instance:tests.AuthRoutesTests@43bd930a]" name="afterMethod" is-config="true" duration-ms="0" started-at="2022-10-11T19:27:23 CEST" finished-at="2022-10-11T19:27:23 CEST">
          <reporter-output>
          </reporter-output>
        </test-method> <!-- afterMethod -->
        <test-method status="PASS" signature="beforeMethod()[pri:0, instance:tests.AuthRoutesTests@43bd930a]" name="beforeMethod" is-config="true" duration-ms="234" started-at="2022-10-11T19:27:23 CEST" finished-at="2022-10-11T19:27:23 CEST">
          <reporter-output>
          </reporter-output>
        </test-method> <!-- beforeMethod -->
        <test-method status="PASS" signature="forbidsVisitsToProfileUrlIfNotAuthenticated()[pri:2, instance:tests.AuthRoutesTests@43bd930a]" name="forbidsVisitsToProfileUrlIfNotAuthenticated" duration-ms="365" started-at="2022-10-11T19:27:23 CEST" finished-at="2022-10-11T19:27:23 CEST">
          <reporter-output>
          </reporter-output>
        </test-method> <!-- forbidsVisitsToProfileUrlIfNotAuthenticated -->
        <test-method status="PASS" signature="beforeMethod()[pri:0, instance:tests.AuthRoutesTests@43bd930a]" name="beforeMethod" is-config="true" duration-ms="283" started-at="2022-10-11T19:27:23 CEST" finished-at="2022-10-11T19:27:23 CEST">
          <reporter-output>
          </reporter-output>
        </test-method> <!-- beforeMethod -->
        <test-method status="PASS" signature="afterMethod()[pri:0, instance:tests.AuthRoutesTests@43bd930a]" name="afterMethod" is-config="true" duration-ms="0" started-at="2022-10-11T19:27:23 CEST" finished-at="2022-10-11T19:27:23 CEST">
          <reporter-output>
          </reporter-output>
        </test-method> <!-- afterMethod -->
        <test-method status="PASS" signature="forbidsVisitsToAdminCitiesUrlIfNotAuthenticated()[pri:3, instance:tests.AuthRoutesTests@43bd930a]" name="forbidsVisitsToAdminCitiesUrlIfNotAuthenticated" duration-ms="396" started-at="2022-10-11T19:27:23 CEST" finished-at="2022-10-11T19:27:24 CEST">
          <reporter-output>
          </reporter-output>
        </test-method> <!-- forbidsVisitsToAdminCitiesUrlIfNotAuthenticated -->
        <test-method status="PASS" signature="afterMethod()[pri:0, instance:tests.AuthRoutesTests@43bd930a]" name="afterMethod" is-config="true" duration-ms="0" started-at="2022-10-11T19:27:24 CEST" finished-at="2022-10-11T19:27:24 CEST">
          <reporter-output>
          </reporter-output>
        </test-method> <!-- afterMethod -->
        <test-method status="PASS" signature="beforeMethod()[pri:0, instance:tests.AuthRoutesTests@43bd930a]" name="beforeMethod" is-config="true" duration-ms="211" started-at="2022-10-11T19:27:24 CEST" finished-at="2022-10-11T19:27:24 CEST">
          <reporter-output>
          </reporter-output>
        </test-method> <!-- beforeMethod -->
        <test-method status="PASS" signature="forbidsVisitsToAdminUsersUrlIfNotAuthenticated()[pri:4, instance:tests.AuthRoutesTests@43bd930a]" name="forbidsVisitsToAdminUsersUrlIfNotAuthenticated" duration-ms="363" started-at="2022-10-11T19:27:24 CEST" finished-at="2022-10-11T19:27:24 CEST">
          <reporter-output>
          </reporter-output>
        </test-method> <!-- forbidsVisitsToAdminUsersUrlIfNotAuthenticated -->
        <test-method status="PASS" signature="afterMethod()[pri:0, instance:tests.AuthRoutesTests@43bd930a]" name="afterMethod" is-config="true" duration-ms="1" started-at="2022-10-11T19:27:24 CEST" finished-at="2022-10-11T19:27:24 CEST">
          <reporter-output>
          </reporter-output>
        </test-method> <!-- afterMethod -->
        <test-method status="PASS" signature="afterClass()[pri:0, instance:tests.AuthRoutesTests@43bd930a]" name="afterClass" is-config="true" duration-ms="700" started-at="2022-10-11T19:27:24 CEST" finished-at="2022-10-11T19:27:25 CEST">
          <reporter-output>
          </reporter-output>
        </test-method> <!-- afterClass -->
      </class> <!-- tests.AuthRoutesTests -->
    </test> <!-- Default test -->
  </suite> <!-- Default suite -->
</testng-results>
