<?xml version="1.0" encoding="UTF-8"?>
<testng-results skipped="0" failed="0" ignored="0" total="1" passed="1">
  <reporter-output>
  </reporter-output>
  <suite name="Default suite" duration-ms="4339" started-at="2022-10-10T20:51:51 CEST" finished-at="2022-10-10T20:51:55 CEST">
    <groups>
    </groups>
    <test name="Default test" duration-ms="4339" started-at="2022-10-10T20:51:51 CEST" finished-at="2022-10-10T20:51:55 CEST">
      <class name="tests.SignupTests">
        <test-method status="PASS" signature="beforeClass()[pri:0, instance:tests.SignupTests@43bd930a]" name="beforeClass" is-config="true" duration-ms="2507" started-at="2022-10-10T20:51:51 CEST" finished-at="2022-10-10T20:51:54 CEST">
          <reporter-output>
          </reporter-output>
        </test-method> <!-- beforeClass -->
        <test-method status="PASS" signature="beforeMethod()[pri:0, instance:tests.SignupTests@43bd930a]" name="beforeMethod" is-config="true" duration-ms="1022" started-at="2022-10-10T20:51:54 CEST" finished-at="2022-10-10T20:51:55 CEST">
          <reporter-output>
          </reporter-output>
        </test-method> <!-- beforeMethod -->
        <test-method status="PASS" signature="visitsTheSignupPage()[pri:1, instance:tests.SignupTests@43bd930a]" name="visitsTheSignupPage" duration-ms="79" started-at="2022-10-10T20:51:55 CEST" finished-at="2022-10-10T20:51:55 CEST">
          <reporter-output>
          </reporter-output>
        </test-method> <!-- visitsTheSignupPage -->
        <test-method status="PASS" signature="afterMethod()[pri:0, instance:tests.SignupTests@43bd930a]" name="afterMethod" is-config="true" duration-ms="0" started-at="2022-10-10T20:51:55 CEST" finished-at="2022-10-10T20:51:55 CEST">
          <reporter-output>
          </reporter-output>
        </test-method> <!-- afterMethod -->
        <test-method status="PASS" signature="afterClass()[pri:0, instance:tests.SignupTests@43bd930a]" name="afterClass" is-config="true" duration-ms="698" started-at="2022-10-10T20:51:55 CEST" finished-at="2022-10-10T20:51:55 CEST">
          <reporter-output>
          </reporter-output>
        </test-method> <!-- afterClass -->
      </class> <!-- tests.SignupTests -->
    </test> <!-- Default test -->
  </suite> <!-- Default suite -->
</testng-results>
