<?xml version="1.0" encoding="UTF-8"?>
<testng-results skipped="0" failed="0" ignored="0" total="1" passed="1">
  <reporter-output>
  </reporter-output>
  <suite name="Default suite" duration-ms="46" started-at="2022-10-08T09:37:11 CEST" finished-at="2022-10-08T09:37:11 CEST">
    <groups>
    </groups>
    <test name="Default test" duration-ms="46" started-at="2022-10-08T09:37:11 CEST" finished-at="2022-10-08T09:37:11 CEST">
      <class name="itbootcamp_final_selenium_project.Proba">
        <test-method status="PASS" signature="test1()[pri:0, instance:itbootcamp_final_selenium_project.Proba@42d8062c]" name="test1" duration-ms="8" started-at="2022-10-08T09:37:11 CEST" finished-at="2022-10-08T09:37:11 CEST">
          <reporter-output>
          </reporter-output>
        </test-method> <!-- test1 -->
      </class> <!-- itbootcamp_final_selenium_project.Proba -->
    </test> <!-- Default test -->
  </suite> <!-- Default suite -->
</testng-results>
