<?xml version="1.0" encoding="UTF-8"?>
<testng-results skipped="0" failed="0" ignored="0" total="2" passed="2">
  <reporter-output>
  </reporter-output>
  <suite name="Default suite" duration-ms="5835" started-at="2022-10-11T19:23:59 CEST" finished-at="2022-10-11T19:24:05 CEST">
    <groups>
    </groups>
    <test name="Default test" duration-ms="5835" started-at="2022-10-11T19:23:59 CEST" finished-at="2022-10-11T19:24:05 CEST">
      <class name="tests.AuthRoutesTests">
        <test-method status="PASS" signature="beforeClass()[pri:0, instance:tests.AuthRoutesTests@43bd930a]" name="beforeClass" is-config="true" duration-ms="2443" started-at="2022-10-11T19:23:59 CEST" finished-at="2022-10-11T19:24:02 CEST">
          <reporter-output>
          </reporter-output>
        </test-method> <!-- beforeClass -->
        <test-method status="PASS" signature="beforeMethod()[pri:0, instance:tests.AuthRoutesTests@43bd930a]" name="beforeMethod" is-config="true" duration-ms="1566" started-at="2022-10-11T19:24:02 CEST" finished-at="2022-10-11T19:24:03 CEST">
          <reporter-output>
          </reporter-output>
        </test-method> <!-- beforeMethod -->
        <test-method status="PASS" signature="forbidsVisitsToHomeUrlIfNotAuthenticated()[pri:1, instance:tests.AuthRoutesTests@43bd930a]" name="forbidsVisitsToHomeUrlIfNotAuthenticated" duration-ms="474" started-at="2022-10-11T19:24:03 CEST" finished-at="2022-10-11T19:24:04 CEST">
          <reporter-output>
          </reporter-output>
        </test-method> <!-- forbidsVisitsToHomeUrlIfNotAuthenticated -->
        <test-method status="PASS" signature="afterMethod()[pri:0, instance:tests.AuthRoutesTests@43bd930a]" name="afterMethod" is-config="true" duration-ms="0" started-at="2022-10-11T19:24:04 CEST" finished-at="2022-10-11T19:24:04 CEST">
          <reporter-output>
          </reporter-output>
        </test-method> <!-- afterMethod -->
        <test-method status="PASS" signature="beforeMethod()[pri:0, instance:tests.AuthRoutesTests@43bd930a]" name="beforeMethod" is-config="true" duration-ms="237" started-at="2022-10-11T19:24:04 CEST" finished-at="2022-10-11T19:24:04 CEST">
          <reporter-output>
          </reporter-output>
        </test-method> <!-- beforeMethod -->
        <test-method status="PASS" signature="forbidsVisitsToProfileUrlIfNotAuthenticated()[pri:2, instance:tests.AuthRoutesTests@43bd930a]" name="forbidsVisitsToProfileUrlIfNotAuthenticated" duration-ms="382" started-at="2022-10-11T19:24:04 CEST" finished-at="2022-10-11T19:24:04 CEST">
          <reporter-output>
          </reporter-output>
        </test-method> <!-- forbidsVisitsToProfileUrlIfNotAuthenticated -->
        <test-method status="PASS" signature="afterMethod()[pri:0, instance:tests.AuthRoutesTests@43bd930a]" name="afterMethod" is-config="true" duration-ms="0" started-at="2022-10-11T19:24:04 CEST" finished-at="2022-10-11T19:24:04 CEST">
          <reporter-output>
          </reporter-output>
        </test-method> <!-- afterMethod -->
        <test-method status="PASS" signature="afterClass()[pri:0, instance:tests.AuthRoutesTests@43bd930a]" name="afterClass" is-config="true" duration-ms="700" started-at="2022-10-11T19:24:04 CEST" finished-at="2022-10-11T19:24:05 CEST">
          <reporter-output>
          </reporter-output>
        </test-method> <!-- afterClass -->
      </class> <!-- tests.AuthRoutesTests -->
    </test> <!-- Default test -->
  </suite> <!-- Default suite -->
</testng-results>
