<?xml version="1.0" encoding="UTF-8"?>
<testng-results skipped="0" failed="0" ignored="0" total="1" passed="1">
  <reporter-output>
  </reporter-output>
  <suite name="Default suite" duration-ms="5178" started-at="2022-10-10T21:09:44 CEST" finished-at="2022-10-10T21:09:49 CEST">
    <groups>
    </groups>
    <test name="Default test" duration-ms="5178" started-at="2022-10-10T21:09:44 CEST" finished-at="2022-10-10T21:09:49 CEST">
      <class name="tests.SignupTests">
        <test-method status="PASS" signature="beforeClass()[pri:0, instance:tests.SignupTests@43bd930a]" name="beforeClass" is-config="true" duration-ms="2446" started-at="2022-10-10T21:09:44 CEST" finished-at="2022-10-10T21:09:46 CEST">
          <reporter-output>
          </reporter-output>
        </test-method> <!-- beforeClass -->
        <test-method status="PASS" signature="beforeMethod()[pri:0, instance:tests.SignupTests@43bd930a]" name="beforeMethod" is-config="true" duration-ms="1682" started-at="2022-10-10T21:09:46 CEST" finished-at="2022-10-10T21:09:48 CEST">
          <reporter-output>
          </reporter-output>
        </test-method> <!-- beforeMethod -->
        <test-method status="PASS" signature="checksInputTypes()[pri:2, instance:tests.SignupTests@43bd930a]" name="checksInputTypes" duration-ms="297" started-at="2022-10-10T21:09:48 CEST" finished-at="2022-10-10T21:09:48 CEST">
          <reporter-output>
          </reporter-output>
        </test-method> <!-- checksInputTypes -->
        <test-method status="PASS" signature="afterMethod()[pri:0, instance:tests.SignupTests@43bd930a]" name="afterMethod" is-config="true" duration-ms="0" started-at="2022-10-10T21:09:48 CEST" finished-at="2022-10-10T21:09:48 CEST">
          <reporter-output>
          </reporter-output>
        </test-method> <!-- afterMethod -->
        <test-method status="PASS" signature="afterClass()[pri:0, instance:tests.SignupTests@43bd930a]" name="afterClass" is-config="true" duration-ms="720" started-at="2022-10-10T21:09:48 CEST" finished-at="2022-10-10T21:09:49 CEST">
          <reporter-output>
          </reporter-output>
        </test-method> <!-- afterClass -->
      </class> <!-- tests.SignupTests -->
    </test> <!-- Default test -->
  </suite> <!-- Default suite -->
</testng-results>
